2023-01-10 22:09:38,542 [Worker-20: Importing Maven projects] INFO  o.e.m.c.i.l.LifecycleMappingFactory - Using org.maven.ide.eclipse.wtp.WarLifecycleMapping lifecycle mapping for MavenProject: com.example:SpringHibernate6:1.0-SNAPSHOT @ C:\1-2ndRound-From-30-Mar-2020\Git-2022\automation\frontendautomation\documentation\spring\spring-hbtemplate\SpringHibernate6\pom.xml.
2023-01-10 22:09:39,522 [Worker-20: Importing Maven projects] WARN  o.a.m.r.i.DefaultArtifactDescriptorReader - The artifact org.hibernate:hibernate-core:jar:6.1.6.Final has been relocated to org.hibernate.orm:hibernate-core:jar:6.1.6.Final
2023-01-10 22:09:45,449 [Worker-20: Importing Maven projects] WARN  o.a.m.r.i.DefaultArtifactDescriptorReader - The artifact org.hibernate:hibernate-core:jar:6.1.6.Final has been relocated to org.hibernate.orm:hibernate-core:jar:6.1.6.Final
2023-01-10 22:09:56,458 [Worker-20: Importing Maven projects] INFO  o.e.m.j.i.AbstractJavaProjectConfigurator - Adding source folder /SpringHibernate6/src/main/java
2023-01-10 22:09:56,459 [Worker-20: Importing Maven projects] INFO  o.e.m.j.i.AbstractJavaProjectConfigurator - Adding resource folder /SpringHibernate6/src/main/resources
2023-01-10 22:09:56,460 [Worker-20: Importing Maven projects] INFO  o.e.m.j.i.AbstractJavaProjectConfigurator - Adding source folder /SpringHibernate6/src/test/java
2023-01-10 22:10:13,718 [Worker-20: Importing Maven projects] INFO  o.e.m.c.i.p.ProjectConfigurationManager - Imported and configured 1 project(s) in 43 sec
2023-01-10 22:10:18,239 [Worker-20: Building] WARN  o.a.m.r.i.DefaultArtifactDescriptorReader - The artifact org.hibernate:hibernate-core:jar:6.1.6.Final has been relocated to org.hibernate.orm:hibernate-core:jar:6.1.6.Final
2023-01-10 22:10:18,457 [Worker-20: Building] WARN  o.e.m.c.i.embedder.EclipseLogger - Using platform encoding (Cp1252 actually) to copy filtered resources, i.e. build is platform dependent!
2023-01-10 22:10:18,464 [Worker-20: Building] INFO  o.e.m.c.i.embedder.EclipseLogger - Copying 1 resource
2023-01-10 22:10:18,606 [Worker-20: Building] WARN  o.e.m.c.i.embedder.EclipseLogger - Using platform encoding (Cp1252 actually) to copy filtered resources, i.e. build is platform dependent!
2023-01-10 22:10:18,611 [Worker-20: Building] INFO  o.e.m.c.i.embedder.EclipseLogger - skip non existing resourceDirectory C:\1-2ndRound-From-30-Mar-2020\Git-2022\automation\frontendautomation\documentation\spring\spring-hbtemplate\SpringHibernate6\src\test\resources
2023-01-11 02:23:49,483 [Worker-33: Building] WARN  o.e.m.c.i.embedder.EclipseLogger - Using platform encoding (Cp1252 actually) to copy filtered resources, i.e. build is platform dependent!
2023-01-11 02:23:49,556 [Worker-33: Building] INFO  o.e.m.c.i.embedder.EclipseLogger - Copying 0 resource
2023-01-11 02:23:49,558 [Worker-33: Building] WARN  o.e.m.c.i.embedder.EclipseLogger - Using platform encoding (Cp1252 actually) to copy filtered resources, i.e. build is platform dependent!
2023-01-11 02:23:49,971 [Worker-33: Building] INFO  o.e.m.c.i.embedder.EclipseLogger - skip non existing resourceDirectory C:\1-2ndRound-From-30-Mar-2020\Git-2022\automation\frontendautomation\documentation\spring\spring-hbtemplate\SpringHibernate6\src\test\resources
2023-01-11 02:32:41,035 [Worker-33: Building] WARN  o.e.m.c.i.embedder.EclipseLogger - Using platform encoding (Cp1252 actually) to copy filtered resources, i.e. build is platform dependent!
2023-01-11 02:32:41,743 [Worker-33: Building] INFO  o.e.m.c.i.embedder.EclipseLogger - Copying 1 resource
2023-01-11 02:32:41,749 [Worker-33: Building] WARN  o.e.m.c.i.embedder.EclipseLogger - Using platform encoding (Cp1252 actually) to copy filtered resources, i.e. build is platform dependent!
2023-01-11 02:32:41,753 [Worker-33: Building] INFO  o.e.m.c.i.embedder.EclipseLogger - skip non existing resourceDirectory C:\1-2ndRound-From-30-Mar-2020\Git-2022\automation\frontendautomation\documentation\spring\spring-hbtemplate\SpringHibernate6\src\test\resources
2023-01-11 02:33:47,565 [Worker-36: Building] WARN  o.e.m.c.i.embedder.EclipseLogger - Using platform encoding (Cp1252 actually) to copy filtered resources, i.e. build is platform dependent!
2023-01-11 02:33:47,575 [Worker-36: Building] INFO  o.e.m.c.i.embedder.EclipseLogger - Copying 1 resource
2023-01-11 02:33:47,576 [Worker-36: Building] WARN  o.e.m.c.i.embedder.EclipseLogger - Using platform encoding (Cp1252 actually) to copy filtered resources, i.e. build is platform dependent!
2023-01-11 02:33:47,577 [Worker-36: Building] INFO  o.e.m.c.i.embedder.EclipseLogger - skip non existing resourceDirectory C:\1-2ndRound-From-30-Mar-2020\Git-2022\automation\frontendautomation\documentation\spring\spring-hbtemplate\SpringHibernate6\src\test\resources
2023-01-11 02:34:30,766 [Worker-38: Building] WARN  o.e.m.c.i.embedder.EclipseLogger - Using platform encoding (Cp1252 actually) to copy filtered resources, i.e. build is platform dependent!
2023-01-11 02:34:30,768 [Worker-38: Building] INFO  o.e.m.c.i.embedder.EclipseLogger - Copying 1 resource
2023-01-11 02:34:30,769 [Worker-38: Building] WARN  o.e.m.c.i.embedder.EclipseLogger - Using platform encoding (Cp1252 actually) to copy filtered resources, i.e. build is platform dependent!
2023-01-11 02:34:30,770 [Worker-38: Building] INFO  o.e.m.c.i.embedder.EclipseLogger - skip non existing resourceDirectory C:\1-2ndRound-From-30-Mar-2020\Git-2022\automation\frontendautomation\documentation\spring\spring-hbtemplate\SpringHibernate6\src\test\resources
2023-01-11 02:35:02,736 [Worker-37: Building] WARN  o.e.m.c.i.embedder.EclipseLogger - Using platform encoding (Cp1252 actually) to copy filtered resources, i.e. build is platform dependent!
2023-01-11 02:35:02,738 [Worker-37: Building] INFO  o.e.m.c.i.embedder.EclipseLogger - Copying 1 resource
2023-01-11 02:35:02,740 [Worker-37: Building] WARN  o.e.m.c.i.embedder.EclipseLogger - Using platform encoding (Cp1252 actually) to copy filtered resources, i.e. build is platform dependent!
2023-01-11 02:35:02,741 [Worker-37: Building] INFO  o.e.m.c.i.embedder.EclipseLogger - skip non existing resourceDirectory C:\1-2ndRound-From-30-Mar-2020\Git-2022\automation\frontendautomation\documentation\spring\spring-hbtemplate\SpringHibernate6\src\test\resources
2023-01-11 02:35:12,622 [Worker-37: Building] WARN  o.e.m.c.i.embedder.EclipseLogger - Using platform encoding (Cp1252 actually) to copy filtered resources, i.e. build is platform dependent!
2023-01-11 02:35:12,625 [Worker-37: Building] INFO  o.e.m.c.i.embedder.EclipseLogger - Copying 1 resource
2023-01-11 02:35:12,628 [Worker-37: Building] WARN  o.e.m.c.i.embedder.EclipseLogger - Using platform encoding (Cp1252 actually) to copy filtered resources, i.e. build is platform dependent!
2023-01-11 02:35:12,631 [Worker-37: Building] INFO  o.e.m.c.i.embedder.EclipseLogger - skip non existing resourceDirectory C:\1-2ndRound-From-30-Mar-2020\Git-2022\automation\frontendautomation\documentation\spring\spring-hbtemplate\SpringHibernate6\src\test\resources
2023-01-11 02:36:33,202 [Worker-40: Building] WARN  o.e.m.c.i.embedder.EclipseLogger - Using platform encoding (Cp1252 actually) to copy filtered resources, i.e. build is platform dependent!
2023-01-11 02:36:33,204 [Worker-40: Building] INFO  o.e.m.c.i.embedder.EclipseLogger - Copying 1 resource
2023-01-11 02:36:33,206 [Worker-40: Building] WARN  o.e.m.c.i.embedder.EclipseLogger - Using platform encoding (Cp1252 actually) to copy filtered resources, i.e. build is platform dependent!
2023-01-11 02:36:33,207 [Worker-40: Building] INFO  o.e.m.c.i.embedder.EclipseLogger - skip non existing resourceDirectory C:\1-2ndRound-From-30-Mar-2020\Git-2022\automation\frontendautomation\documentation\spring\spring-hbtemplate\SpringHibernate6\src\test\resources
2023-01-11 02:37:08,582 [Worker-37: Building] WARN  o.e.m.c.i.embedder.EclipseLogger - Using platform encoding (Cp1252 actually) to copy filtered resources, i.e. build is platform dependent!
2023-01-11 02:37:08,584 [Worker-37: Building] INFO  o.e.m.c.i.embedder.EclipseLogger - Copying 1 resource
2023-01-11 02:37:08,586 [Worker-37: Building] WARN  o.e.m.c.i.embedder.EclipseLogger - Using platform encoding (Cp1252 actually) to copy filtered resources, i.e. build is platform dependent!
2023-01-11 02:37:08,587 [Worker-37: Building] INFO  o.e.m.c.i.embedder.EclipseLogger - skip non existing resourceDirectory C:\1-2ndRound-From-30-Mar-2020\Git-2022\automation\frontendautomation\documentation\spring\spring-hbtemplate\SpringHibernate6\src\test\resources
2023-01-11 02:38:33,639 [Worker-37: Building] WARN  o.e.m.c.i.embedder.EclipseLogger - Using platform encoding (Cp1252 actually) to copy filtered resources, i.e. build is platform dependent!
2023-01-11 02:38:33,641 [Worker-37: Building] INFO  o.e.m.c.i.embedder.EclipseLogger - Copying 1 resource
2023-01-11 02:38:33,642 [Worker-37: Building] WARN  o.e.m.c.i.embedder.EclipseLogger - Using platform encoding (Cp1252 actually) to copy filtered resources, i.e. build is platform dependent!
2023-01-11 02:38:33,644 [Worker-37: Building] INFO  o.e.m.c.i.embedder.EclipseLogger - skip non existing resourceDirectory C:\1-2ndRound-From-30-Mar-2020\Git-2022\automation\frontendautomation\documentation\spring\spring-hbtemplate\SpringHibernate6\src\test\resources
2023-01-11 02:39:20,946 [Worker-33: Building] WARN  o.e.m.c.i.embedder.EclipseLogger - Using platform encoding (Cp1252 actually) to copy filtered resources, i.e. build is platform dependent!
2023-01-11 02:39:20,949 [Worker-33: Building] INFO  o.e.m.c.i.embedder.EclipseLogger - Copying 1 resource
2023-01-11 02:39:20,951 [Worker-33: Building] WARN  o.e.m.c.i.embedder.EclipseLogger - Using platform encoding (Cp1252 actually) to copy filtered resources, i.e. build is platform dependent!
2023-01-11 02:39:20,952 [Worker-33: Building] INFO  o.e.m.c.i.embedder.EclipseLogger - skip non existing resourceDirectory C:\1-2ndRound-From-30-Mar-2020\Git-2022\automation\frontendautomation\documentation\spring\spring-hbtemplate\SpringHibernate6\src\test\resources
2023-01-11 02:40:19,104 [Worker-39: Building] WARN  o.e.m.c.i.embedder.EclipseLogger - Using platform encoding (Cp1252 actually) to copy filtered resources, i.e. build is platform dependent!
2023-01-11 02:40:19,106 [Worker-39: Building] INFO  o.e.m.c.i.embedder.EclipseLogger - Copying 1 resource
2023-01-11 02:40:19,108 [Worker-39: Building] WARN  o.e.m.c.i.embedder.EclipseLogger - Using platform encoding (Cp1252 actually) to copy filtered resources, i.e. build is platform dependent!
2023-01-11 02:40:19,109 [Worker-39: Building] INFO  o.e.m.c.i.embedder.EclipseLogger - skip non existing resourceDirectory C:\1-2ndRound-From-30-Mar-2020\Git-2022\automation\frontendautomation\documentation\spring\spring-hbtemplate\SpringHibernate6\src\test\resources
2023-01-11 02:42:13,309 [Worker-40: Building] WARN  o.e.m.c.i.embedder.EclipseLogger - Using platform encoding (Cp1252 actually) to copy filtered resources, i.e. build is platform dependent!
2023-01-11 02:42:13,310 [Worker-40: Building] INFO  o.e.m.c.i.embedder.EclipseLogger - Copying 1 resource
2023-01-11 02:42:13,312 [Worker-40: Building] WARN  o.e.m.c.i.embedder.EclipseLogger - Using platform encoding (Cp1252 actually) to copy filtered resources, i.e. build is platform dependent!
2023-01-11 02:42:13,314 [Worker-40: Building] INFO  o.e.m.c.i.embedder.EclipseLogger - skip non existing resourceDirectory C:\1-2ndRound-From-30-Mar-2020\Git-2022\automation\frontendautomation\documentation\spring\spring-hbtemplate\SpringHibernate6\src\test\resources
2023-01-11 02:51:28,009 [Worker-38: Building] WARN  o.e.m.c.i.embedder.EclipseLogger - Using platform encoding (Cp1252 actually) to copy filtered resources, i.e. build is platform dependent!
2023-01-11 02:51:28,011 [Worker-38: Building] INFO  o.e.m.c.i.embedder.EclipseLogger - Copying 1 resource
2023-01-11 02:51:28,012 [Worker-38: Building] WARN  o.e.m.c.i.embedder.EclipseLogger - Using platform encoding (Cp1252 actually) to copy filtered resources, i.e. build is platform dependent!
2023-01-11 02:51:28,013 [Worker-38: Building] INFO  o.e.m.c.i.embedder.EclipseLogger - skip non existing resourceDirectory C:\1-2ndRound-From-30-Mar-2020\Git-2022\automation\frontendautomation\documentation\spring\spring-hbtemplate\SpringHibernate6\src\test\resources
2023-01-11 02:51:38,687 [Worker-36: Building] WARN  o.e.m.c.i.embedder.EclipseLogger - Using platform encoding (Cp1252 actually) to copy filtered resources, i.e. build is platform dependent!
2023-01-11 02:51:38,697 [Worker-36: Building] INFO  o.e.m.c.i.embedder.EclipseLogger - Copying 1 resource
2023-01-11 02:51:38,730 [Worker-36: Building] WARN  o.e.m.c.i.embedder.EclipseLogger - Using platform encoding (Cp1252 actually) to copy filtered resources, i.e. build is platform dependent!
2023-01-11 02:51:38,731 [Worker-36: Building] INFO  o.e.m.c.i.embedder.EclipseLogger - skip non existing resourceDirectory C:\1-2ndRound-From-30-Mar-2020\Git-2022\automation\frontendautomation\documentation\spring\spring-hbtemplate\SpringHibernate6\src\test\resources
2023-01-11 02:55:42,697 [Worker-1: Building] WARN  o.a.m.r.i.DefaultArtifactDescriptorReader - The artifact org.hibernate:hibernate-core:jar:6.1.6.Final has been relocated to org.hibernate.orm:hibernate-core:jar:6.1.6.Final
2023-01-11 02:56:10,791 [Worker-1: Building] WARN  o.e.m.c.i.embedder.EclipseLogger - Using platform encoding (Cp1252 actually) to copy filtered resources, i.e. build is platform dependent!
2023-01-11 02:56:10,832 [Worker-1: Building] INFO  o.e.m.c.i.embedder.EclipseLogger - Copying 1 resource
2023-01-11 02:56:10,845 [Worker-1: Building] WARN  o.e.m.c.i.embedder.EclipseLogger - Using platform encoding (Cp1252 actually) to copy filtered resources, i.e. build is platform dependent!
2023-01-11 02:56:10,848 [Worker-1: Building] INFO  o.e.m.c.i.embedder.EclipseLogger - skip non existing resourceDirectory C:\1-2ndRound-From-30-Mar-2020\Git-2022\automation\frontendautomation\documentation\spring\spring-hbtemplate\SpringHibernate6\src\test\resources
2023-01-11 02:56:43,630 [Worker-0: Building] WARN  o.e.m.c.i.embedder.EclipseLogger - Using platform encoding (Cp1252 actually) to copy filtered resources, i.e. build is platform dependent!
2023-01-11 02:56:43,633 [Worker-0: Building] INFO  o.e.m.c.i.embedder.EclipseLogger - Copying 0 resource
2023-01-11 02:56:43,635 [Worker-0: Building] WARN  o.e.m.c.i.embedder.EclipseLogger - Using platform encoding (Cp1252 actually) to copy filtered resources, i.e. build is platform dependent!
2023-01-11 02:56:43,638 [Worker-0: Building] INFO  o.e.m.c.i.embedder.EclipseLogger - skip non existing resourceDirectory C:\1-2ndRound-From-30-Mar-2020\Git-2022\automation\frontendautomation\documentation\spring\spring-hbtemplate\SpringHibernate6\src\test\resources
2023-01-11 03:01:29,600 [Worker-5: Building] WARN  o.e.m.c.i.embedder.EclipseLogger - Using platform encoding (Cp1252 actually) to copy filtered resources, i.e. build is platform dependent!
2023-01-11 03:01:29,608 [Worker-5: Building] INFO  o.e.m.c.i.embedder.EclipseLogger - Copying 1 resource
2023-01-11 03:01:29,610 [Worker-5: Building] WARN  o.e.m.c.i.embedder.EclipseLogger - Using platform encoding (Cp1252 actually) to copy filtered resources, i.e. build is platform dependent!
2023-01-11 03:01:29,612 [Worker-5: Building] INFO  o.e.m.c.i.embedder.EclipseLogger - skip non existing resourceDirectory C:\1-2ndRound-From-30-Mar-2020\Git-2022\automation\frontendautomation\documentation\spring\spring-hbtemplate\SpringHibernate6\src\test\resources
2023-01-11 03:02:52,059 [Worker-5: Building] WARN  o.e.m.c.i.embedder.EclipseLogger - Using platform encoding (Cp1252 actually) to copy filtered resources, i.e. build is platform dependent!
2023-01-11 03:02:52,062 [Worker-5: Building] INFO  o.e.m.c.i.embedder.EclipseLogger - Copying 1 resource
2023-01-11 03:02:52,064 [Worker-5: Building] WARN  o.e.m.c.i.embedder.EclipseLogger - Using platform encoding (Cp1252 actually) to copy filtered resources, i.e. build is platform dependent!
2023-01-11 03:02:52,066 [Worker-5: Building] INFO  o.e.m.c.i.embedder.EclipseLogger - skip non existing resourceDirectory C:\1-2ndRound-From-30-Mar-2020\Git-2022\automation\frontendautomation\documentation\spring\spring-hbtemplate\SpringHibernate6\src\test\resources
2023-01-11 03:03:28,167 [Worker-27: Building] WARN  o.e.m.c.i.embedder.EclipseLogger - Using platform encoding (Cp1252 actually) to copy filtered resources, i.e. build is platform dependent!
2023-01-11 03:03:28,169 [Worker-27: Building] INFO  o.e.m.c.i.embedder.EclipseLogger - Copying 1 resource
2023-01-11 03:03:28,170 [Worker-27: Building] WARN  o.e.m.c.i.embedder.EclipseLogger - Using platform encoding (Cp1252 actually) to copy filtered resources, i.e. build is platform dependent!
2023-01-11 03:03:28,171 [Worker-27: Building] INFO  o.e.m.c.i.embedder.EclipseLogger - skip non existing resourceDirectory C:\1-2ndRound-From-30-Mar-2020\Git-2022\automation\frontendautomation\documentation\spring\spring-hbtemplate\SpringHibernate6\src\test\resources
2023-01-11 03:04:20,146 [Worker-5: Building] WARN  o.e.m.c.i.embedder.EclipseLogger - Using platform encoding (Cp1252 actually) to copy filtered resources, i.e. build is platform dependent!
2023-01-11 03:04:20,148 [Worker-5: Building] INFO  o.e.m.c.i.embedder.EclipseLogger - Copying 1 resource
2023-01-11 03:04:20,151 [Worker-5: Building] WARN  o.e.m.c.i.embedder.EclipseLogger - Using platform encoding (Cp1252 actually) to copy filtered resources, i.e. build is platform dependent!
2023-01-11 03:04:20,152 [Worker-5: Building] INFO  o.e.m.c.i.embedder.EclipseLogger - skip non existing resourceDirectory C:\1-2ndRound-From-30-Mar-2020\Git-2022\automation\frontendautomation\documentation\spring\spring-hbtemplate\SpringHibernate6\src\test\resources
2023-01-11 03:08:32,430 [Worker-27: Building] WARN  o.e.m.c.i.embedder.EclipseLogger - Using platform encoding (Cp1252 actually) to copy filtered resources, i.e. build is platform dependent!
2023-01-11 03:08:32,430 [Worker-27: Building] INFO  o.e.m.c.i.embedder.EclipseLogger - Copying 1 resource
2023-01-11 03:08:32,430 [Worker-27: Building] WARN  o.e.m.c.i.embedder.EclipseLogger - Using platform encoding (Cp1252 actually) to copy filtered resources, i.e. build is platform dependent!
2023-01-11 03:08:32,440 [Worker-27: Building] INFO  o.e.m.c.i.embedder.EclipseLogger - skip non existing resourceDirectory C:\1-2ndRound-From-30-Mar-2020\Git-2022\automation\frontendautomation\documentation\spring\spring-hbtemplate\SpringHibernate6\src\test\resources
2023-01-11 03:08:47,055 [Worker-29: Building] WARN  o.e.m.c.i.embedder.EclipseLogger - Using platform encoding (Cp1252 actually) to copy filtered resources, i.e. build is platform dependent!
2023-01-11 03:08:47,057 [Worker-29: Building] INFO  o.e.m.c.i.embedder.EclipseLogger - Copying 1 resource
2023-01-11 03:08:47,060 [Worker-29: Building] WARN  o.e.m.c.i.embedder.EclipseLogger - Using platform encoding (Cp1252 actually) to copy filtered resources, i.e. build is platform dependent!
2023-01-11 03:08:47,061 [Worker-29: Building] INFO  o.e.m.c.i.embedder.EclipseLogger - skip non existing resourceDirectory C:\1-2ndRound-From-30-Mar-2020\Git-2022\automation\frontendautomation\documentation\spring\spring-hbtemplate\SpringHibernate6\src\test\resources
2023-01-11 03:33:33,241 [Worker-44: Building] WARN  o.e.m.c.i.embedder.EclipseLogger - Using platform encoding (Cp1252 actually) to copy filtered resources, i.e. build is platform dependent!
2023-01-11 03:33:33,243 [Worker-44: Building] INFO  o.e.m.c.i.embedder.EclipseLogger - Copying 1 resource
2023-01-11 03:33:33,245 [Worker-44: Building] WARN  o.e.m.c.i.embedder.EclipseLogger - Using platform encoding (Cp1252 actually) to copy filtered resources, i.e. build is platform dependent!
2023-01-11 03:33:33,246 [Worker-44: Building] INFO  o.e.m.c.i.embedder.EclipseLogger - skip non existing resourceDirectory C:\1-2ndRound-From-30-Mar-2020\Git-2022\automation\frontendautomation\documentation\spring\spring-hbtemplate\SpringHibernate6\src\test\resources
2023-01-11 03:39:12,058 [Worker-44: Building] WARN  o.e.m.c.i.embedder.EclipseLogger - Using platform encoding (Cp1252 actually) to copy filtered resources, i.e. build is platform dependent!
2023-01-11 03:39:12,061 [Worker-44: Building] INFO  o.e.m.c.i.embedder.EclipseLogger - Copying 1 resource
2023-01-11 03:39:12,063 [Worker-44: Building] WARN  o.e.m.c.i.embedder.EclipseLogger - Using platform encoding (Cp1252 actually) to copy filtered resources, i.e. build is platform dependent!
2023-01-11 03:39:12,064 [Worker-44: Building] INFO  o.e.m.c.i.embedder.EclipseLogger - skip non existing resourceDirectory C:\1-2ndRound-From-30-Mar-2020\Git-2022\automation\frontendautomation\documentation\spring\spring-hbtemplate\SpringHibernate6\src\test\resources
2023-01-11 03:39:19,281 [Worker-42: Building] WARN  o.e.m.c.i.embedder.EclipseLogger - Using platform encoding (Cp1252 actually) to copy filtered resources, i.e. build is platform dependent!
2023-01-11 03:39:19,282 [Worker-42: Building] INFO  o.e.m.c.i.embedder.EclipseLogger - Copying 1 resource
2023-01-11 03:39:19,283 [Worker-42: Building] WARN  o.e.m.c.i.embedder.EclipseLogger - Using platform encoding (Cp1252 actually) to copy filtered resources, i.e. build is platform dependent!
2023-01-11 03:39:19,284 [Worker-42: Building] INFO  o.e.m.c.i.embedder.EclipseLogger - skip non existing resourceDirectory C:\1-2ndRound-From-30-Mar-2020\Git-2022\automation\frontendautomation\documentation\spring\spring-hbtemplate\SpringHibernate6\src\test\resources
2023-01-11 03:39:28,456 [Worker-42: Building] WARN  o.e.m.c.i.embedder.EclipseLogger - Using platform encoding (Cp1252 actually) to copy filtered resources, i.e. build is platform dependent!
2023-01-11 03:39:28,458 [Worker-42: Building] INFO  o.e.m.c.i.embedder.EclipseLogger - Copying 1 resource
2023-01-11 03:39:28,459 [Worker-42: Building] WARN  o.e.m.c.i.embedder.EclipseLogger - Using platform encoding (Cp1252 actually) to copy filtered resources, i.e. build is platform dependent!
2023-01-11 03:39:28,460 [Worker-42: Building] INFO  o.e.m.c.i.embedder.EclipseLogger - skip non existing resourceDirectory C:\1-2ndRound-From-30-Mar-2020\Git-2022\automation\frontendautomation\documentation\spring\spring-hbtemplate\SpringHibernate6\src\test\resources
2023-01-11 03:39:39,866 [Worker-44: Building] WARN  o.e.m.c.i.embedder.EclipseLogger - Using platform encoding (Cp1252 actually) to copy filtered resources, i.e. build is platform dependent!
2023-01-11 03:39:39,868 [Worker-44: Building] INFO  o.e.m.c.i.embedder.EclipseLogger - Copying 1 resource
2023-01-11 03:39:39,870 [Worker-44: Building] WARN  o.e.m.c.i.embedder.EclipseLogger - Using platform encoding (Cp1252 actually) to copy filtered resources, i.e. build is platform dependent!
2023-01-11 03:39:39,871 [Worker-44: Building] INFO  o.e.m.c.i.embedder.EclipseLogger - skip non existing resourceDirectory C:\1-2ndRound-From-30-Mar-2020\Git-2022\automation\frontendautomation\documentation\spring\spring-hbtemplate\SpringHibernate6\src\test\resources
2023-01-11 03:39:47,572 [Worker-47: Building] WARN  o.e.m.c.i.embedder.EclipseLogger - Using platform encoding (Cp1252 actually) to copy filtered resources, i.e. build is platform dependent!
2023-01-11 03:39:47,574 [Worker-47: Building] INFO  o.e.m.c.i.embedder.EclipseLogger - Copying 1 resource
2023-01-11 03:39:47,576 [Worker-47: Building] WARN  o.e.m.c.i.embedder.EclipseLogger - Using platform encoding (Cp1252 actually) to copy filtered resources, i.e. build is platform dependent!
2023-01-11 03:39:47,578 [Worker-47: Building] INFO  o.e.m.c.i.embedder.EclipseLogger - skip non existing resourceDirectory C:\1-2ndRound-From-30-Mar-2020\Git-2022\automation\frontendautomation\documentation\spring\spring-hbtemplate\SpringHibernate6\src\test\resources
2023-01-11 03:41:48,492 [Worker-42: Building] WARN  o.e.m.c.i.embedder.EclipseLogger - Using platform encoding (Cp1252 actually) to copy filtered resources, i.e. build is platform dependent!
2023-01-11 03:41:48,496 [Worker-42: Building] INFO  o.e.m.c.i.embedder.EclipseLogger - Copying 1 resource
2023-01-11 03:41:48,497 [Worker-42: Building] WARN  o.e.m.c.i.embedder.EclipseLogger - Using platform encoding (Cp1252 actually) to copy filtered resources, i.e. build is platform dependent!
2023-01-11 03:41:48,498 [Worker-42: Building] INFO  o.e.m.c.i.embedder.EclipseLogger - skip non existing resourceDirectory C:\1-2ndRound-From-30-Mar-2020\Git-2022\automation\frontendautomation\documentation\spring\spring-hbtemplate\SpringHibernate6\src\test\resources
2023-01-11 03:42:16,116 [Worker-42: Building] WARN  o.e.m.c.i.embedder.EclipseLogger - Using platform encoding (Cp1252 actually) to copy filtered resources, i.e. build is platform dependent!
2023-01-11 03:42:16,118 [Worker-42: Building] INFO  o.e.m.c.i.embedder.EclipseLogger - Copying 1 resource
2023-01-11 03:42:16,121 [Worker-42: Building] WARN  o.e.m.c.i.embedder.EclipseLogger - Using platform encoding (Cp1252 actually) to copy filtered resources, i.e. build is platform dependent!
2023-01-11 03:42:16,122 [Worker-42: Building] INFO  o.e.m.c.i.embedder.EclipseLogger - skip non existing resourceDirectory C:\1-2ndRound-From-30-Mar-2020\Git-2022\automation\frontendautomation\documentation\spring\spring-hbtemplate\SpringHibernate6\src\test\resources
2023-01-11 03:56:45,868 [Worker-53: Building] WARN  o.e.m.c.i.embedder.EclipseLogger - Using platform encoding (Cp1252 actually) to copy filtered resources, i.e. build is platform dependent!
2023-01-11 03:56:45,870 [Worker-53: Building] INFO  o.e.m.c.i.embedder.EclipseLogger - Copying 1 resource
2023-01-11 03:56:45,871 [Worker-53: Building] WARN  o.e.m.c.i.embedder.EclipseLogger - Using platform encoding (Cp1252 actually) to copy filtered resources, i.e. build is platform dependent!
2023-01-11 03:56:45,872 [Worker-53: Building] INFO  o.e.m.c.i.embedder.EclipseLogger - skip non existing resourceDirectory C:\1-2ndRound-From-30-Mar-2020\Git-2022\automation\frontendautomation\documentation\spring\spring-hbtemplate\SpringHibernate6\src\test\resources
2023-01-11 04:07:07,822 [Worker-59: Building] WARN  o.e.m.c.i.embedder.EclipseLogger - Using platform encoding (Cp1252 actually) to copy filtered resources, i.e. build is platform dependent!
2023-01-11 04:07:07,823 [Worker-59: Building] INFO  o.e.m.c.i.embedder.EclipseLogger - Copying 1 resource
2023-01-11 04:07:07,825 [Worker-59: Building] WARN  o.e.m.c.i.embedder.EclipseLogger - Using platform encoding (Cp1252 actually) to copy filtered resources, i.e. build is platform dependent!
2023-01-11 04:07:07,825 [Worker-59: Building] INFO  o.e.m.c.i.embedder.EclipseLogger - skip non existing resourceDirectory C:\1-2ndRound-From-30-Mar-2020\Git-2022\automation\frontendautomation\documentation\spring\spring-hbtemplate\SpringHibernate6\src\test\resources
2023-01-11 04:08:45,787 [Worker-59: Building] WARN  o.e.m.c.i.embedder.EclipseLogger - Using platform encoding (Cp1252 actually) to copy filtered resources, i.e. build is platform dependent!
2023-01-11 04:08:45,789 [Worker-59: Building] INFO  o.e.m.c.i.embedder.EclipseLogger - Copying 1 resource
2023-01-11 04:08:45,791 [Worker-59: Building] WARN  o.e.m.c.i.embedder.EclipseLogger - Using platform encoding (Cp1252 actually) to copy filtered resources, i.e. build is platform dependent!
2023-01-11 04:08:45,792 [Worker-59: Building] INFO  o.e.m.c.i.embedder.EclipseLogger - skip non existing resourceDirectory C:\1-2ndRound-From-30-Mar-2020\Git-2022\automation\frontendautomation\documentation\spring\spring-hbtemplate\SpringHibernate6\src\test\resources
2023-01-11 04:10:42,881 [Worker-60: Building] WARN  o.e.m.c.i.embedder.EclipseLogger - Using platform encoding (Cp1252 actually) to copy filtered resources, i.e. build is platform dependent!
2023-01-11 04:10:42,882 [Worker-60: Building] INFO  o.e.m.c.i.embedder.EclipseLogger - Copying 1 resource
2023-01-11 04:10:42,884 [Worker-60: Building] WARN  o.e.m.c.i.embedder.EclipseLogger - Using platform encoding (Cp1252 actually) to copy filtered resources, i.e. build is platform dependent!
2023-01-11 04:10:42,885 [Worker-60: Building] INFO  o.e.m.c.i.embedder.EclipseLogger - skip non existing resourceDirectory C:\1-2ndRound-From-30-Mar-2020\Git-2022\automation\frontendautomation\documentation\spring\spring-hbtemplate\SpringHibernate6\src\test\resources
2023-01-11 04:14:09,903 [Worker-58: Building] WARN  o.e.m.c.i.embedder.EclipseLogger - Using platform encoding (Cp1252 actually) to copy filtered resources, i.e. build is platform dependent!
2023-01-11 04:14:09,904 [Worker-58: Building] INFO  o.e.m.c.i.embedder.EclipseLogger - Copying 1 resource
2023-01-11 04:14:09,905 [Worker-58: Building] WARN  o.e.m.c.i.embedder.EclipseLogger - Using platform encoding (Cp1252 actually) to copy filtered resources, i.e. build is platform dependent!
2023-01-11 04:14:09,906 [Worker-58: Building] INFO  o.e.m.c.i.embedder.EclipseLogger - skip non existing resourceDirectory C:\1-2ndRound-From-30-Mar-2020\Git-2022\automation\frontendautomation\documentation\spring\spring-hbtemplate\SpringHibernate6\src\test\resources
2023-01-11 04:26:02,301 [Worker-60: Building] WARN  o.e.m.c.i.embedder.EclipseLogger - Using platform encoding (Cp1252 actually) to copy filtered resources, i.e. build is platform dependent!
2023-01-11 04:26:02,301 [Worker-60: Building] INFO  o.e.m.c.i.embedder.EclipseLogger - Copying 1 resource
2023-01-11 04:26:02,301 [Worker-60: Building] WARN  o.e.m.c.i.embedder.EclipseLogger - Using platform encoding (Cp1252 actually) to copy filtered resources, i.e. build is platform dependent!
2023-01-11 04:26:02,301 [Worker-60: Building] INFO  o.e.m.c.i.embedder.EclipseLogger - skip non existing resourceDirectory C:\1-2ndRound-From-30-Mar-2020\Git-2022\automation\frontendautomation\documentation\spring\spring-hbtemplate\SpringHibernate6\src\test\resources
2023-01-11 04:26:16,713 [Worker-64: Building] WARN  o.e.m.c.i.embedder.EclipseLogger - Using platform encoding (Cp1252 actually) to copy filtered resources, i.e. build is platform dependent!
2023-01-11 04:26:16,714 [Worker-64: Building] INFO  o.e.m.c.i.embedder.EclipseLogger - Copying 1 resource
2023-01-11 04:26:16,715 [Worker-64: Building] WARN  o.e.m.c.i.embedder.EclipseLogger - Using platform encoding (Cp1252 actually) to copy filtered resources, i.e. build is platform dependent!
2023-01-11 04:26:16,716 [Worker-64: Building] INFO  o.e.m.c.i.embedder.EclipseLogger - skip non existing resourceDirectory C:\1-2ndRound-From-30-Mar-2020\Git-2022\automation\frontendautomation\documentation\spring\spring-hbtemplate\SpringHibernate6\src\test\resources
2023-01-11 04:27:56,568 [Worker-63: Building] WARN  o.e.m.c.i.embedder.EclipseLogger - Using platform encoding (Cp1252 actually) to copy filtered resources, i.e. build is platform dependent!
2023-01-11 04:27:56,568 [Worker-63: Building] INFO  o.e.m.c.i.embedder.EclipseLogger - Copying 1 resource
2023-01-11 04:27:56,568 [Worker-63: Building] WARN  o.e.m.c.i.embedder.EclipseLogger - Using platform encoding (Cp1252 actually) to copy filtered resources, i.e. build is platform dependent!
2023-01-11 04:27:56,568 [Worker-63: Building] INFO  o.e.m.c.i.embedder.EclipseLogger - skip non existing resourceDirectory C:\1-2ndRound-From-30-Mar-2020\Git-2022\automation\frontendautomation\documentation\spring\spring-hbtemplate\SpringHibernate6\src\test\resources
2023-01-11 04:28:10,836 [Worker-63: Building] WARN  o.e.m.c.i.embedder.EclipseLogger - Using platform encoding (Cp1252 actually) to copy filtered resources, i.e. build is platform dependent!
2023-01-11 04:28:10,839 [Worker-63: Building] INFO  o.e.m.c.i.embedder.EclipseLogger - Copying 1 resource
2023-01-11 04:28:10,841 [Worker-63: Building] WARN  o.e.m.c.i.embedder.EclipseLogger - Using platform encoding (Cp1252 actually) to copy filtered resources, i.e. build is platform dependent!
2023-01-11 04:28:10,843 [Worker-63: Building] INFO  o.e.m.c.i.embedder.EclipseLogger - skip non existing resourceDirectory C:\1-2ndRound-From-30-Mar-2020\Git-2022\automation\frontendautomation\documentation\spring\spring-hbtemplate\SpringHibernate6\src\test\resources
2023-01-11 04:28:20,791 [Worker-60: Building] WARN  o.e.m.c.i.embedder.EclipseLogger - Using platform encoding (Cp1252 actually) to copy filtered resources, i.e. build is platform dependent!
2023-01-11 04:28:20,794 [Worker-60: Building] INFO  o.e.m.c.i.embedder.EclipseLogger - Copying 1 resource
2023-01-11 04:28:20,796 [Worker-60: Building] WARN  o.e.m.c.i.embedder.EclipseLogger - Using platform encoding (Cp1252 actually) to copy filtered resources, i.e. build is platform dependent!
2023-01-11 04:28:20,797 [Worker-60: Building] INFO  o.e.m.c.i.embedder.EclipseLogger - skip non existing resourceDirectory C:\1-2ndRound-From-30-Mar-2020\Git-2022\automation\frontendautomation\documentation\spring\spring-hbtemplate\SpringHibernate6\src\test\resources
2023-01-11 04:30:40,638 [Worker-65: Building] WARN  o.e.m.c.i.embedder.EclipseLogger - Using platform encoding (Cp1252 actually) to copy filtered resources, i.e. build is platform dependent!
2023-01-11 04:30:40,640 [Worker-65: Building] INFO  o.e.m.c.i.embedder.EclipseLogger - Copying 1 resource
2023-01-11 04:30:40,641 [Worker-65: Building] WARN  o.e.m.c.i.embedder.EclipseLogger - Using platform encoding (Cp1252 actually) to copy filtered resources, i.e. build is platform dependent!
2023-01-11 04:30:40,642 [Worker-65: Building] INFO  o.e.m.c.i.embedder.EclipseLogger - skip non existing resourceDirectory C:\1-2ndRound-From-30-Mar-2020\Git-2022\automation\frontendautomation\documentation\spring\spring-hbtemplate\SpringHibernate6\src\test\resources
2023-01-11 04:31:51,249 [Worker-63: Building] WARN  o.e.m.c.i.embedder.EclipseLogger - Using platform encoding (Cp1252 actually) to copy filtered resources, i.e. build is platform dependent!
2023-01-11 04:31:51,252 [Worker-63: Building] INFO  o.e.m.c.i.embedder.EclipseLogger - Copying 1 resource
2023-01-11 04:31:51,253 [Worker-63: Building] WARN  o.e.m.c.i.embedder.EclipseLogger - Using platform encoding (Cp1252 actually) to copy filtered resources, i.e. build is platform dependent!
2023-01-11 04:31:51,255 [Worker-63: Building] INFO  o.e.m.c.i.embedder.EclipseLogger - skip non existing resourceDirectory C:\1-2ndRound-From-30-Mar-2020\Git-2022\automation\frontendautomation\documentation\spring\spring-hbtemplate\SpringHibernate6\src\test\resources
2023-01-11 04:32:51,100 [Worker-60: Building] WARN  o.e.m.c.i.embedder.EclipseLogger - Using platform encoding (Cp1252 actually) to copy filtered resources, i.e. build is platform dependent!
2023-01-11 04:32:51,102 [Worker-60: Building] INFO  o.e.m.c.i.embedder.EclipseLogger - Copying 1 resource
2023-01-11 04:32:51,103 [Worker-60: Building] WARN  o.e.m.c.i.embedder.EclipseLogger - Using platform encoding (Cp1252 actually) to copy filtered resources, i.e. build is platform dependent!
2023-01-11 04:32:51,104 [Worker-60: Building] INFO  o.e.m.c.i.embedder.EclipseLogger - skip non existing resourceDirectory C:\1-2ndRound-From-30-Mar-2020\Git-2022\automation\frontendautomation\documentation\spring\spring-hbtemplate\SpringHibernate6\src\test\resources
2023-01-11 04:34:10,174 [Worker-63: Building] WARN  o.e.m.c.i.embedder.EclipseLogger - Using platform encoding (Cp1252 actually) to copy filtered resources, i.e. build is platform dependent!
2023-01-11 04:34:10,177 [Worker-63: Building] INFO  o.e.m.c.i.embedder.EclipseLogger - Copying 1 resource
2023-01-11 04:34:10,178 [Worker-63: Building] WARN  o.e.m.c.i.embedder.EclipseLogger - Using platform encoding (Cp1252 actually) to copy filtered resources, i.e. build is platform dependent!
2023-01-11 04:34:10,179 [Worker-63: Building] INFO  o.e.m.c.i.embedder.EclipseLogger - skip non existing resourceDirectory C:\1-2ndRound-From-30-Mar-2020\Git-2022\automation\frontendautomation\documentation\spring\spring-hbtemplate\SpringHibernate6\src\test\resources
2023-01-11 04:37:41,738 [Worker-66: Building] WARN  o.e.m.c.i.embedder.EclipseLogger - Using platform encoding (Cp1252 actually) to copy filtered resources, i.e. build is platform dependent!
2023-01-11 04:37:41,740 [Worker-66: Building] INFO  o.e.m.c.i.embedder.EclipseLogger - Copying 1 resource
2023-01-11 04:37:41,741 [Worker-66: Building] WARN  o.e.m.c.i.embedder.EclipseLogger - Using platform encoding (Cp1252 actually) to copy filtered resources, i.e. build is platform dependent!
2023-01-11 04:37:41,743 [Worker-66: Building] INFO  o.e.m.c.i.embedder.EclipseLogger - skip non existing resourceDirectory C:\1-2ndRound-From-30-Mar-2020\Git-2022\automation\frontendautomation\documentation\spring\spring-hbtemplate\SpringHibernate6\src\test\resources
2023-01-11 04:39:16,702 [Worker-66: Building] WARN  o.e.m.c.i.embedder.EclipseLogger - Using platform encoding (Cp1252 actually) to copy filtered resources, i.e. build is platform dependent!
2023-01-11 04:39:16,705 [Worker-66: Building] INFO  o.e.m.c.i.embedder.EclipseLogger - Copying 1 resource
2023-01-11 04:39:16,707 [Worker-66: Building] WARN  o.e.m.c.i.embedder.EclipseLogger - Using platform encoding (Cp1252 actually) to copy filtered resources, i.e. build is platform dependent!
2023-01-11 04:39:16,708 [Worker-66: Building] INFO  o.e.m.c.i.embedder.EclipseLogger - skip non existing resourceDirectory C:\1-2ndRound-From-30-Mar-2020\Git-2022\automation\frontendautomation\documentation\spring\spring-hbtemplate\SpringHibernate6\src\test\resources
2023-01-11 04:39:19,414 [Worker-70: Building] WARN  o.e.m.c.i.embedder.EclipseLogger - Using platform encoding (Cp1252 actually) to copy filtered resources, i.e. build is platform dependent!
2023-01-11 04:39:19,416 [Worker-70: Building] INFO  o.e.m.c.i.embedder.EclipseLogger - Copying 1 resource
2023-01-11 04:39:19,418 [Worker-70: Building] WARN  o.e.m.c.i.embedder.EclipseLogger - Using platform encoding (Cp1252 actually) to copy filtered resources, i.e. build is platform dependent!
2023-01-11 04:39:19,419 [Worker-70: Building] INFO  o.e.m.c.i.embedder.EclipseLogger - skip non existing resourceDirectory C:\1-2ndRound-From-30-Mar-2020\Git-2022\automation\frontendautomation\documentation\spring\spring-hbtemplate\SpringHibernate6\src\test\resources
2023-01-11 04:40:33,210 [Worker-69: Building] WARN  o.e.m.c.i.embedder.EclipseLogger - Using platform encoding (Cp1252 actually) to copy filtered resources, i.e. build is platform dependent!
2023-01-11 04:40:33,212 [Worker-69: Building] INFO  o.e.m.c.i.embedder.EclipseLogger - Copying 1 resource
2023-01-11 04:40:33,214 [Worker-69: Building] WARN  o.e.m.c.i.embedder.EclipseLogger - Using platform encoding (Cp1252 actually) to copy filtered resources, i.e. build is platform dependent!
2023-01-11 04:40:33,215 [Worker-69: Building] INFO  o.e.m.c.i.embedder.EclipseLogger - skip non existing resourceDirectory C:\1-2ndRound-From-30-Mar-2020\Git-2022\automation\frontendautomation\documentation\spring\spring-hbtemplate\SpringHibernate6\src\test\resources
2023-01-11 04:40:59,403 [Worker-69: Building] WARN  o.e.m.c.i.embedder.EclipseLogger - Using platform encoding (Cp1252 actually) to copy filtered resources, i.e. build is platform dependent!
2023-01-11 04:40:59,405 [Worker-69: Building] INFO  o.e.m.c.i.embedder.EclipseLogger - Copying 1 resource
2023-01-11 04:40:59,406 [Worker-69: Building] WARN  o.e.m.c.i.embedder.EclipseLogger - Using platform encoding (Cp1252 actually) to copy filtered resources, i.e. build is platform dependent!
2023-01-11 04:40:59,407 [Worker-69: Building] INFO  o.e.m.c.i.embedder.EclipseLogger - skip non existing resourceDirectory C:\1-2ndRound-From-30-Mar-2020\Git-2022\automation\frontendautomation\documentation\spring\spring-hbtemplate\SpringHibernate6\src\test\resources
2023-01-11 04:42:25,414 [Worker-66: Building] WARN  o.e.m.c.i.embedder.EclipseLogger - Using platform encoding (Cp1252 actually) to copy filtered resources, i.e. build is platform dependent!
2023-01-11 04:42:25,414 [Worker-66: Building] INFO  o.e.m.c.i.embedder.EclipseLogger - Copying 1 resource
2023-01-11 04:42:25,415 [Worker-66: Building] WARN  o.e.m.c.i.embedder.EclipseLogger - Using platform encoding (Cp1252 actually) to copy filtered resources, i.e. build is platform dependent!
2023-01-11 04:42:25,417 [Worker-66: Building] INFO  o.e.m.c.i.embedder.EclipseLogger - skip non existing resourceDirectory C:\1-2ndRound-From-30-Mar-2020\Git-2022\automation\frontendautomation\documentation\spring\spring-hbtemplate\SpringHibernate6\src\test\resources
2023-01-11 04:42:58,348 [Worker-72: Building] WARN  o.e.m.c.i.embedder.EclipseLogger - Using platform encoding (Cp1252 actually) to copy filtered resources, i.e. build is platform dependent!
2023-01-11 04:42:58,350 [Worker-72: Building] INFO  o.e.m.c.i.embedder.EclipseLogger - Copying 1 resource
2023-01-11 04:42:58,351 [Worker-72: Building] WARN  o.e.m.c.i.embedder.EclipseLogger - Using platform encoding (Cp1252 actually) to copy filtered resources, i.e. build is platform dependent!
2023-01-11 04:42:58,351 [Worker-72: Building] INFO  o.e.m.c.i.embedder.EclipseLogger - skip non existing resourceDirectory C:\1-2ndRound-From-30-Mar-2020\Git-2022\automation\frontendautomation\documentation\spring\spring-hbtemplate\SpringHibernate6\src\test\resources
2023-01-11 04:48:43,987 [Worker-73: Building] WARN  o.e.m.c.i.embedder.EclipseLogger - Using platform encoding (Cp1252 actually) to copy filtered resources, i.e. build is platform dependent!
2023-01-11 04:48:43,989 [Worker-73: Building] INFO  o.e.m.c.i.embedder.EclipseLogger - Copying 1 resource
2023-01-11 04:48:43,990 [Worker-73: Building] WARN  o.e.m.c.i.embedder.EclipseLogger - Using platform encoding (Cp1252 actually) to copy filtered resources, i.e. build is platform dependent!
2023-01-11 04:48:43,991 [Worker-73: Building] INFO  o.e.m.c.i.embedder.EclipseLogger - skip non existing resourceDirectory C:\1-2ndRound-From-30-Mar-2020\Git-2022\automation\frontendautomation\documentation\spring\spring-hbtemplate\SpringHibernate6\src\test\resources
2023-01-11 04:53:06,199 [Worker-72: Building] WARN  o.e.m.c.i.embedder.EclipseLogger - Using platform encoding (Cp1252 actually) to copy filtered resources, i.e. build is platform dependent!
2023-01-11 04:53:06,202 [Worker-72: Building] INFO  o.e.m.c.i.embedder.EclipseLogger - Copying 1 resource
2023-01-11 04:53:06,203 [Worker-72: Building] WARN  o.e.m.c.i.embedder.EclipseLogger - Using platform encoding (Cp1252 actually) to copy filtered resources, i.e. build is platform dependent!
2023-01-11 04:53:06,204 [Worker-72: Building] INFO  o.e.m.c.i.embedder.EclipseLogger - skip non existing resourceDirectory C:\1-2ndRound-From-30-Mar-2020\Git-2022\automation\frontendautomation\documentation\spring\spring-hbtemplate\SpringHibernate6\src\test\resources
2023-01-11 04:57:04,914 [Worker-76: Building] WARN  o.e.m.c.i.embedder.EclipseLogger - Using platform encoding (Cp1252 actually) to copy filtered resources, i.e. build is platform dependent!
2023-01-11 04:57:04,916 [Worker-76: Building] INFO  o.e.m.c.i.embedder.EclipseLogger - Copying 1 resource
2023-01-11 04:57:04,917 [Worker-76: Building] WARN  o.e.m.c.i.embedder.EclipseLogger - Using platform encoding (Cp1252 actually) to copy filtered resources, i.e. build is platform dependent!
2023-01-11 04:57:04,919 [Worker-76: Building] INFO  o.e.m.c.i.embedder.EclipseLogger - skip non existing resourceDirectory C:\1-2ndRound-From-30-Mar-2020\Git-2022\automation\frontendautomation\documentation\spring\spring-hbtemplate\SpringHibernate6\src\test\resources
2023-01-11 04:57:09,484 [Worker-76: Building] WARN  o.e.m.c.i.embedder.EclipseLogger - Using platform encoding (Cp1252 actually) to copy filtered resources, i.e. build is platform dependent!
2023-01-11 04:57:09,485 [Worker-76: Building] INFO  o.e.m.c.i.embedder.EclipseLogger - Copying 1 resource
2023-01-11 04:57:09,486 [Worker-76: Building] WARN  o.e.m.c.i.embedder.EclipseLogger - Using platform encoding (Cp1252 actually) to copy filtered resources, i.e. build is platform dependent!
2023-01-11 04:57:09,487 [Worker-76: Building] INFO  o.e.m.c.i.embedder.EclipseLogger - skip non existing resourceDirectory C:\1-2ndRound-From-30-Mar-2020\Git-2022\automation\frontendautomation\documentation\spring\spring-hbtemplate\SpringHibernate6\src\test\resources
2023-01-11 04:57:19,142 [Worker-77: Building] WARN  o.e.m.c.i.embedder.EclipseLogger - Using platform encoding (Cp1252 actually) to copy filtered resources, i.e. build is platform dependent!
2023-01-11 04:57:19,145 [Worker-77: Building] INFO  o.e.m.c.i.embedder.EclipseLogger - Copying 1 resource
2023-01-11 04:57:19,148 [Worker-77: Building] WARN  o.e.m.c.i.embedder.EclipseLogger - Using platform encoding (Cp1252 actually) to copy filtered resources, i.e. build is platform dependent!
2023-01-11 04:57:19,150 [Worker-77: Building] INFO  o.e.m.c.i.embedder.EclipseLogger - skip non existing resourceDirectory C:\1-2ndRound-From-30-Mar-2020\Git-2022\automation\frontendautomation\documentation\spring\spring-hbtemplate\SpringHibernate6\src\test\resources
2023-01-11 04:57:47,378 [Worker-69: Building] WARN  o.e.m.c.i.embedder.EclipseLogger - Using platform encoding (Cp1252 actually) to copy filtered resources, i.e. build is platform dependent!
2023-01-11 04:57:47,380 [Worker-69: Building] INFO  o.e.m.c.i.embedder.EclipseLogger - Copying 1 resource
2023-01-11 04:57:47,382 [Worker-69: Building] WARN  o.e.m.c.i.embedder.EclipseLogger - Using platform encoding (Cp1252 actually) to copy filtered resources, i.e. build is platform dependent!
2023-01-11 04:57:47,383 [Worker-69: Building] INFO  o.e.m.c.i.embedder.EclipseLogger - skip non existing resourceDirectory C:\1-2ndRound-From-30-Mar-2020\Git-2022\automation\frontendautomation\documentation\spring\spring-hbtemplate\SpringHibernate6\src\test\resources
2023-01-11 04:58:23,817 [Worker-76: Building] WARN  o.e.m.c.i.embedder.EclipseLogger - Using platform encoding (Cp1252 actually) to copy filtered resources, i.e. build is platform dependent!
2023-01-11 04:58:23,819 [Worker-76: Building] INFO  o.e.m.c.i.embedder.EclipseLogger - Copying 1 resource
2023-01-11 04:58:23,820 [Worker-76: Building] WARN  o.e.m.c.i.embedder.EclipseLogger - Using platform encoding (Cp1252 actually) to copy filtered resources, i.e. build is platform dependent!
2023-01-11 04:58:23,821 [Worker-76: Building] INFO  o.e.m.c.i.embedder.EclipseLogger - skip non existing resourceDirectory C:\1-2ndRound-From-30-Mar-2020\Git-2022\automation\frontendautomation\documentation\spring\spring-hbtemplate\SpringHibernate6\src\test\resources
2023-01-11 04:59:06,974 [Worker-77: Building] WARN  o.e.m.c.i.embedder.EclipseLogger - Using platform encoding (Cp1252 actually) to copy filtered resources, i.e. build is platform dependent!
2023-01-11 04:59:06,976 [Worker-77: Building] INFO  o.e.m.c.i.embedder.EclipseLogger - Copying 1 resource
2023-01-11 04:59:06,977 [Worker-77: Building] WARN  o.e.m.c.i.embedder.EclipseLogger - Using platform encoding (Cp1252 actually) to copy filtered resources, i.e. build is platform dependent!
2023-01-11 04:59:06,978 [Worker-77: Building] INFO  o.e.m.c.i.embedder.EclipseLogger - skip non existing resourceDirectory C:\1-2ndRound-From-30-Mar-2020\Git-2022\automation\frontendautomation\documentation\spring\spring-hbtemplate\SpringHibernate6\src\test\resources
2023-01-11 04:59:28,860 [Worker-72: Building] WARN  o.e.m.c.i.embedder.EclipseLogger - Using platform encoding (Cp1252 actually) to copy filtered resources, i.e. build is platform dependent!
2023-01-11 04:59:28,862 [Worker-72: Building] INFO  o.e.m.c.i.embedder.EclipseLogger - Copying 1 resource
2023-01-11 04:59:28,864 [Worker-72: Building] WARN  o.e.m.c.i.embedder.EclipseLogger - Using platform encoding (Cp1252 actually) to copy filtered resources, i.e. build is platform dependent!
2023-01-11 04:59:28,865 [Worker-72: Building] INFO  o.e.m.c.i.embedder.EclipseLogger - skip non existing resourceDirectory C:\1-2ndRound-From-30-Mar-2020\Git-2022\automation\frontendautomation\documentation\spring\spring-hbtemplate\SpringHibernate6\src\test\resources
2023-01-11 10:40:44,945 [Worker-4: Building] WARN  o.a.m.r.i.DefaultArtifactDescriptorReader - The artifact org.hibernate:hibernate-core:jar:6.1.6.Final has been relocated to org.hibernate.orm:hibernate-core:jar:6.1.6.Final
2023-01-11 10:40:46,941 [Worker-4: Building] WARN  o.e.m.c.i.embedder.EclipseLogger - Using platform encoding (Cp1252 actually) to copy filtered resources, i.e. build is platform dependent!
2023-01-11 10:40:46,984 [Worker-4: Building] INFO  o.e.m.c.i.embedder.EclipseLogger - Copying 1 resource
2023-01-11 10:40:46,992 [Worker-4: Building] WARN  o.e.m.c.i.embedder.EclipseLogger - Using platform encoding (Cp1252 actually) to copy filtered resources, i.e. build is platform dependent!
2023-01-11 10:40:46,994 [Worker-4: Building] INFO  o.e.m.c.i.embedder.EclipseLogger - skip non existing resourceDirectory C:\1-2ndRound-From-30-Mar-2020\Git-2022\automation\frontendautomation\documentation\spring\spring-hbtemplate\SpringHibernate6\src\test\resources
2023-01-11 10:40:50,160 [Worker-6: Building] WARN  o.e.m.c.i.embedder.EclipseLogger - Using platform encoding (Cp1252 actually) to copy filtered resources, i.e. build is platform dependent!
2023-01-11 10:40:50,167 [Worker-6: Building] INFO  o.e.m.c.i.embedder.EclipseLogger - Copying 0 resource
2023-01-11 10:40:50,168 [Worker-6: Building] WARN  o.e.m.c.i.embedder.EclipseLogger - Using platform encoding (Cp1252 actually) to copy filtered resources, i.e. build is platform dependent!
2023-01-11 10:40:50,171 [Worker-6: Building] INFO  o.e.m.c.i.embedder.EclipseLogger - skip non existing resourceDirectory C:\1-2ndRound-From-30-Mar-2020\Git-2022\automation\frontendautomation\documentation\spring\spring-hbtemplate\SpringHibernate6\src\test\resources
2023-01-12 08:45:18,326 [Worker-8: Building] WARN  o.a.m.r.i.DefaultArtifactDescriptorReader - The artifact org.hibernate:hibernate-core:jar:6.1.6.Final has been relocated to org.hibernate.orm:hibernate-core:jar:6.1.6.Final
2023-01-12 08:45:44,325 [Worker-8: Building] WARN  o.e.m.c.i.embedder.EclipseLogger - Using platform encoding (Cp1252 actually) to copy filtered resources, i.e. build is platform dependent!
2023-01-12 08:45:44,396 [Worker-8: Building] INFO  o.e.m.c.i.embedder.EclipseLogger - Copying 1 resource
2023-01-12 08:45:44,401 [Worker-8: Building] WARN  o.e.m.c.i.embedder.EclipseLogger - Using platform encoding (Cp1252 actually) to copy filtered resources, i.e. build is platform dependent!
2023-01-12 08:45:44,446 [Worker-8: Building] INFO  o.e.m.c.i.embedder.EclipseLogger - skip non existing resourceDirectory C:\1-2ndRound-From-30-Mar-2020\Git-2022\automation\frontendautomation\documentation\spring\spring-hbtemplate\SpringHibernate6\src\test\resources
2023-01-12 08:47:55,863 [Worker-15: Building] WARN  o.e.m.c.i.embedder.EclipseLogger - Using platform encoding (Cp1252 actually) to copy filtered resources, i.e. build is platform dependent!
2023-01-12 08:47:55,868 [Worker-15: Building] INFO  o.e.m.c.i.embedder.EclipseLogger - Copying 0 resource
2023-01-12 08:47:55,870 [Worker-15: Building] WARN  o.e.m.c.i.embedder.EclipseLogger - Using platform encoding (Cp1252 actually) to copy filtered resources, i.e. build is platform dependent!
2023-01-12 08:47:55,872 [Worker-15: Building] INFO  o.e.m.c.i.embedder.EclipseLogger - skip non existing resourceDirectory C:\1-2ndRound-From-30-Mar-2020\Git-2022\automation\frontendautomation\documentation\spring\spring-hbtemplate\SpringHibernate6\src\test\resources
2023-01-12 08:47:57,973 [Worker-7: Building] WARN  o.e.m.c.i.embedder.EclipseLogger - Using platform encoding (Cp1252 actually) to copy filtered resources, i.e. build is platform dependent!
2023-01-12 08:47:57,980 [Worker-7: Building] INFO  o.e.m.c.i.embedder.EclipseLogger - Copying 0 resource
2023-01-12 08:47:57,982 [Worker-7: Building] WARN  o.e.m.c.i.embedder.EclipseLogger - Using platform encoding (Cp1252 actually) to copy filtered resources, i.e. build is platform dependent!
2023-01-12 08:47:57,985 [Worker-7: Building] INFO  o.e.m.c.i.embedder.EclipseLogger - skip non existing resourceDirectory C:\1-2ndRound-From-30-Mar-2020\Git-2022\automation\frontendautomation\documentation\spring\spring-hbtemplate\SpringHibernate6\src\test\resources
